d:\study\opencl\project\opencl_1\opencl_1\x64\debug\vc143.pdb
d:\study\opencl\project\opencl_1\opencl_1\x64\debug\vc143.idb
d:\study\opencl\project\opencl_1\opencl_1\x64\debug\vector_multiplay_normal.obj
d:\study\opencl\project\opencl_1\opencl_1\x64\debug\time_chrono.obj
d:\study\opencl\project\opencl_1\opencl_1\x64\debug\file.obj
d:\study\opencl\project\opencl_1\opencl_1\x64\debug\clstft_class.obj
d:\study\opencl\project\opencl_1\opencl_1\x64\debug\opencl_1.obj
d:\study\opencl\project\opencl_1\opencl_1\x64\debug\main.obj
d:\study\opencl\project\opencl_1\opencl_1\x64\debug\vector_multiply.obj
d:\study\opencl\project\opencl_1\opencl_1\x64\debug\vector_add.obj
d:\study\opencl\project\opencl_1\opencl_1\x64\debug\platanddevice.obj
d:\study\opencl\project\opencl_1\opencl_1\x64\debug\clstft_core.obj
d:\study\opencl\project\opencl_1\opencl_1\x64\debug\clfft_class.obj
d:\study\opencl\project\opencl_1\opencl_1\x64\debug\example_chemm.obj
d:\study\opencl\project\opencl_1\opencl_1\x64\debug\includeall.obj
d:\study\opencl\project\opencl_1\opencl_1\x64\debug\opencl_1.ilk
d:\study\opencl\project\opencl_1\x64\debug\opencl_1.pdb
d:\study\opencl\project\opencl_1\opencl_1\x64\debug\opencl_1.tlog\cl.command.1.tlog
d:\study\opencl\project\opencl_1\opencl_1\x64\debug\opencl_1.tlog\cl.items.tlog
d:\study\opencl\project\opencl_1\opencl_1\x64\debug\opencl_1.tlog\cl.read.1.tlog
d:\study\opencl\project\opencl_1\opencl_1\x64\debug\opencl_1.tlog\cl.write.1.tlog
d:\study\opencl\project\opencl_1\opencl_1\x64\debug\opencl_1.tlog\link.26796-cvtres.read.1.tlog
d:\study\opencl\project\opencl_1\opencl_1\x64\debug\opencl_1.tlog\link.26796-cvtres.write.1.tlog
d:\study\opencl\project\opencl_1\opencl_1\x64\debug\opencl_1.tlog\link.26796-rc.read.1.tlog
d:\study\opencl\project\opencl_1\opencl_1\x64\debug\opencl_1.tlog\link.26796-rc.write.1.tlog
d:\study\opencl\project\opencl_1\opencl_1\x64\debug\opencl_1.tlog\link.26796.read.1.tlog
d:\study\opencl\project\opencl_1\opencl_1\x64\debug\opencl_1.tlog\link.26796.read.2.tlog
d:\study\opencl\project\opencl_1\opencl_1\x64\debug\opencl_1.tlog\link.26796.read.3.tlog
d:\study\opencl\project\opencl_1\opencl_1\x64\debug\opencl_1.tlog\link.26796.read.4.tlog
d:\study\opencl\project\opencl_1\opencl_1\x64\debug\opencl_1.tlog\link.26796.write.1.tlog
d:\study\opencl\project\opencl_1\opencl_1\x64\debug\opencl_1.tlog\link.command.1.tlog
d:\study\opencl\project\opencl_1\opencl_1\x64\debug\opencl_1.tlog\link.read.1.tlog
d:\study\opencl\project\opencl_1\opencl_1\x64\debug\opencl_1.tlog\link.secondary.1.tlog
d:\study\opencl\project\opencl_1\opencl_1\x64\debug\opencl_1.tlog\link.write.1.tlog
